<?xml version="1.0" encoding="UTF-8"?>
<!-- Generated by org.testng.reporters.JUnitReportReporter -->
<testsuite hostname="DESKTOP-OO6K2I5" failures="0" tests="2" name="org.icsetlearnertracker.test.TrainingHeadLearnersFormTest" time="2.575" errors="0" timestamp="2024-02-07T13:01:04 IST" skipped="0">
  <testcase classname="org.icsetlearnertracker.test.TrainingHeadLearnersFormTest" name="trainerlogin" time="2.242"/>
  <testcase classname="org.icsetlearnertracker.test.TrainingHeadLearnersFormTest" name="addLearner" time="0.333"/>
</testsuite> <!-- org.icsetlearnertracker.test.TrainingHeadLearnersFormTest -->
