<?xml version="1.0" encoding="UTF-8"?>
<!-- Generated by org.testng.reporters.JUnitReportReporter -->
<testsuite hostname="DESKTOP-4ET1BVI" failures="0" tests="13" name="org.icsetlearnertracker.test.TestLogin" time="23.713" errors="0" timestamp="2024-02-18T15:27:34 IST" skipped="0">
  <testcase classname="org.icsetlearnertracker.test.TestLogin" name="logologin" time="0.402"/>
  <testcase classname="org.icsetlearnertracker.test.TestLogin" name="checkadminloginform" time="3.228"/>
  <testcase classname="org.icsetlearnertracker.test.TestLogin" name="checktrainingheadloginform" time="2.320"/>
  <testcase classname="org.icsetlearnertracker.test.TestLogin" name="checkplacementofficerloginform" time="2.603"/>
  <testcase classname="org.icsetlearnertracker.test.TestLogin" name="blankcreds" time="1.876"/>
  <testcase classname="org.icsetlearnertracker.test.TestLogin" name="invalidcreds" time="2.511"/>
  <testcase classname="org.icsetlearnertracker.test.TestLogin" name="validunameblankpass" time="1.878"/>
  <testcase classname="org.icsetlearnertracker.test.TestLogin" name="blankunamevalidpass" time="1.520"/>
  <testcase classname="org.icsetlearnertracker.test.TestLogin" name="invalidunamevalidpass" time="1.333"/>
  <testcase classname="org.icsetlearnertracker.test.TestLogin" name="validunameinvalidpass" time="1.318"/>
  <testcase classname="org.icsetlearnertracker.test.TestLogin" name="invaliunameblankpass" time="1.945"/>
  <testcase classname="org.icsetlearnertracker.test.TestLogin" name="blankunameinvalidpass" time="1.799"/>
  <testcase classname="org.icsetlearnertracker.test.TestLogin" name="admincreds" time="0.980"/>
</testsuite> <!-- org.icsetlearnertracker.test.TestLogin -->
