<?xml version="1.0" encoding="UTF-8"?>
<!-- Generated by org.testng.reporters.JUnitReportReporter -->
<testsuite hostname="DESKTOP-4ET1BVI" failures="0" tests="2" name="org.icsetlearnertracker.test.TestPlacementOfficer" time="35.722" errors="0" timestamp="2024-02-18T15:27:34 IST" skipped="0">
  <testcase classname="org.icsetlearnertracker.test.TestPlacementOfficer" name="placementofficerlogin" time="1.356"/>
  <testcase classname="org.icsetlearnertracker.test.TestPlacementOfficer" name="updatelearner" time="34.366"/>
</testsuite> <!-- org.icsetlearnertracker.test.TestPlacementOfficer -->
