<?xml version="1.0" encoding="UTF-8"?>
<!-- Generated by org.testng.reporters.JUnitReportReporter -->
<testsuite hostname="DESKTOP-OO6K2I5" failures="0" tests="2" name="org.icsetlearnertracker.test.TestTrainingHeadLearnersForm" time="4.009" errors="0" timestamp="2024-02-10T12:38:49 IST" skipped="0">
  <testcase classname="org.icsetlearnertracker.test.TestTrainingHeadLearnersForm" name="trainerlogin" time="2.118"/>
  <testcase classname="org.icsetlearnertracker.test.TestTrainingHeadLearnersForm" name="bulklearner" time="1.891"/>
</testsuite> <!-- org.icsetlearnertracker.test.TestTrainingHeadLearnersForm -->
